<?xml version="1.0" encoding="UTF-8"?>
<testsuite xmlns:xsi="http://www.w3.org/2001/XMLSchema-instance" xsi:noNamespaceSchemaLocation="https://maven.apache.org/surefire/maven-surefire-plugin/xsd/surefire-test-report-3.0.xsd" version="3.0" name="com.example.demo.HistoryOfBlackPeopleApplicationTests" time="5.524" tests="1" errors="0" skipped="0" failures="0">
  <properties>
    <property name="java.specification.version" value="18"/>
    <property name="sun.cpu.isalist" value="amd64"/>
    <property name="sun.jnu.encoding" value="Cp1252"/>
    <property name="java.class.path" value="C:\Users\s556452\Desktop\Projects\HistoryOfBlackPeople\target\test-classes;C:\Users\s556452\Desktop\Projects\HistoryOfBlackPeople\target\classes;C:\Users\s556452\.m2\repository\org\springframework\boot\spring-boot-starter-data-mongodb\3.1.3\spring-boot-starter-data-mongodb-3.1.3.jar;C:\Users\s556452\.m2\repository\org\springframework\boot\spring-boot-starter\3.1.3\spring-boot-starter-3.1.3.jar;C:\Users\s556452\.m2\repository\org\springframework\boot\spring-boot-starter-logging\3.1.3\spring-boot-starter-logging-3.1.3.jar;C:\Users\s556452\.m2\repository\ch\qos\logback\logback-classic\1.4.11\logback-classic-1.4.11.jar;C:\Users\s556452\.m2\repository\ch\qos\logback\logback-core\1.4.11\logback-core-1.4.11.jar;C:\Users\s556452\.m2\repository\org\apache\logging\log4j\log4j-to-slf4j\2.20.0\log4j-to-slf4j-2.20.0.jar;C:\Users\s556452\.m2\repository\org\slf4j\jul-to-slf4j\2.0.7\jul-to-slf4j-2.0.7.jar;C:\Users\s556452\.m2\repository\jakarta\annotation\jakarta.annotation-api\2.1.1\jakarta.annotation-api-2.1.1.jar;C:\Users\s556452\.m2\repository\org\yaml\snakeyaml\1.33\snakeyaml-1.33.jar;C:\Users\s556452\.m2\repository\org\mongodb\mongodb-driver-sync\4.9.1\mongodb-driver-sync-4.9.1.jar;C:\Users\s556452\.m2\repository\org\mongodb\bson\4.9.1\bson-4.9.1.jar;C:\Users\s556452\.m2\repository\org\mongodb\mongodb-driver-core\4.9.1\mongodb-driver-core-4.9.1.jar;C:\Users\s556452\.m2\repository\org\mongodb\bson-record-codec\4.9.1\bson-record-codec-4.9.1.jar;C:\Users\s556452\.m2\repository\org\springframework\data\spring-data-mongodb\4.1.3\spring-data-mongodb-4.1.3.jar;C:\Users\s556452\.m2\repository\org\springframework\spring-tx\6.0.11\spring-tx-6.0.11.jar;C:\Users\s556452\.m2\repository\org\springframework\spring-context\6.0.11\spring-context-6.0.11.jar;C:\Users\s556452\.m2\repository\org\springframework\spring-beans\6.0.11\spring-beans-6.0.11.jar;C:\Users\s556452\.m2\repository\org\springframework\spring-expression\6.0.11\spring-expression-6.0.11.jar;C:\Users\s556452\.m2\repository\org\springframework\data\spring-data-commons\3.1.3\spring-data-commons-3.1.3.jar;C:\Users\s556452\.m2\repository\org\slf4j\slf4j-api\2.0.7\slf4j-api-2.0.7.jar;C:\Users\s556452\.m2\repository\org\springframework\boot\spring-boot-starter-web\3.1.3\spring-boot-starter-web-3.1.3.jar;C:\Users\s556452\.m2\repository\org\springframework\boot\spring-boot-starter-json\3.1.3\spring-boot-starter-json-3.1.3.jar;C:\Users\s556452\.m2\repository\com\fasterxml\jackson\core\jackson-databind\2.15.2\jackson-databind-2.15.2.jar;C:\Users\s556452\.m2\repository\com\fasterxml\jackson\core\jackson-annotations\2.15.2\jackson-annotations-2.15.2.jar;C:\Users\s556452\.m2\repository\com\fasterxml\jackson\datatype\jackson-datatype-jdk8\2.15.2\jackson-datatype-jdk8-2.15.2.jar;C:\Users\s556452\.m2\repository\com\fasterxml\jackson\datatype\jackson-datatype-jsr310\2.15.2\jackson-datatype-jsr310-2.15.2.jar;C:\Users\s556452\.m2\repository\com\fasterxml\jackson\module\jackson-module-parameter-names\2.15.2\jackson-module-parameter-names-2.15.2.jar;C:\Users\s556452\.m2\repository\org\springframework\boot\spring-boot-starter-tomcat\3.1.3\spring-boot-starter-tomcat-3.1.3.jar;C:\Users\s556452\.m2\repository\org\apache\tomcat\embed\tomcat-embed-core\10.1.12\tomcat-embed-core-10.1.12.jar;C:\Users\s556452\.m2\repository\org\apache\tomcat\embed\tomcat-embed-el\10.1.12\tomcat-embed-el-10.1.12.jar;C:\Users\s556452\.m2\repository\org\apache\tomcat\embed\tomcat-embed-websocket\10.1.12\tomcat-embed-websocket-10.1.12.jar;C:\Users\s556452\.m2\repository\org\springframework\spring-web\6.0.11\spring-web-6.0.11.jar;C:\Users\s556452\.m2\repository\io\micrometer\micrometer-observation\1.11.3\micrometer-observation-1.11.3.jar;C:\Users\s556452\.m2\repository\io\micrometer\micrometer-commons\1.11.3\micrometer-commons-1.11.3.jar;C:\Users\s556452\.m2\repository\org\springframework\spring-webmvc\6.0.11\spring-webmvc-6.0.11.jar;C:\Users\s556452\.m2\repository\org\springframework\spring-aop\6.0.11\spring-aop-6.0.11.jar;C:\Users\s556452\.m2\repository\org\springframework\boot\spring-boot-devtools\3.1.3\spring-boot-devtools-3.1.3.jar;C:\Users\s556452\.m2\repository\org\springframework\boot\spring-boot\3.1.3\spring-boot-3.1.3.jar;C:\Users\s556452\.m2\repository\org\springframework\boot\spring-boot-autoconfigure\3.1.3\spring-boot-autoconfigure-3.1.3.jar;C:\Users\s556452\.m2\repository\org\projectlombok\lombok\1.18.28\lombok-1.18.28.jar;C:\Users\s556452\.m2\repository\org\springframework\boot\spring-boot-starter-test\3.1.3\spring-boot-starter-test-3.1.3.jar;C:\Users\s556452\.m2\repository\org\springframework\boot\spring-boot-test\3.1.3\spring-boot-test-3.1.3.jar;C:\Users\s556452\.m2\repository\org\springframework\boot\spring-boot-test-autoconfigure\3.1.3\spring-boot-test-autoconfigure-3.1.3.jar;C:\Users\s556452\.m2\repository\com\jayway\jsonpath\json-path\2.8.0\json-path-2.8.0.jar;C:\Users\s556452\.m2\repository\jakarta\xml\bind\jakarta.xml.bind-api\4.0.0\jakarta.xml.bind-api-4.0.0.jar;C:\Users\s556452\.m2\repository\jakarta\activation\jakarta.activation-api\2.1.2\jakarta.activation-api-2.1.2.jar;C:\Users\s556452\.m2\repository\net\minidev\json-smart\2.4.11\json-smart-2.4.11.jar;C:\Users\s556452\.m2\repository\net\minidev\accessors-smart\2.4.11\accessors-smart-2.4.11.jar;C:\Users\s556452\.m2\repository\org\ow2\asm\asm\9.3\asm-9.3.jar;C:\Users\s556452\.m2\repository\org\assertj\assertj-core\3.24.2\assertj-core-3.24.2.jar;C:\Users\s556452\.m2\repository\net\bytebuddy\byte-buddy\1.14.6\byte-buddy-1.14.6.jar;C:\Users\s556452\.m2\repository\org\hamcrest\hamcrest\2.2\hamcrest-2.2.jar;C:\Users\s556452\.m2\repository\org\junit\jupiter\junit-jupiter\5.9.3\junit-jupiter-5.9.3.jar;C:\Users\s556452\.m2\repository\org\junit\jupiter\junit-jupiter-api\5.9.3\junit-jupiter-api-5.9.3.jar;C:\Users\s556452\.m2\repository\org\opentest4j\opentest4j\1.2.0\opentest4j-1.2.0.jar;C:\Users\s556452\.m2\repository\org\junit\platform\junit-platform-commons\1.9.3\junit-platform-commons-1.9.3.jar;C:\Users\s556452\.m2\repository\org\apiguardian\apiguardian-api\1.1.2\apiguardian-api-1.1.2.jar;C:\Users\s556452\.m2\repository\org\junit\jupiter\junit-jupiter-params\5.9.3\junit-jupiter-params-5.9.3.jar;C:\Users\s556452\.m2\repository\org\junit\jupiter\junit-jupiter-engine\5.9.3\junit-jupiter-engine-5.9.3.jar;C:\Users\s556452\.m2\repository\org\junit\platform\junit-platform-engine\1.9.3\junit-platform-engine-1.9.3.jar;C:\Users\s556452\.m2\repository\org\mockito\mockito-core\5.3.1\mockito-core-5.3.1.jar;C:\Users\s556452\.m2\repository\net\bytebuddy\byte-buddy-agent\1.14.6\byte-buddy-agent-1.14.6.jar;C:\Users\s556452\.m2\repository\org\objenesis\objenesis\3.3\objenesis-3.3.jar;C:\Users\s556452\.m2\repository\org\mockito\mockito-junit-jupiter\5.3.1\mockito-junit-jupiter-5.3.1.jar;C:\Users\s556452\.m2\repository\org\skyscreamer\jsonassert\1.5.1\jsonassert-1.5.1.jar;C:\Users\s556452\.m2\repository\com\vaadin\external\google\android-json\0.0.20131108.vaadin1\android-json-0.0.20131108.vaadin1.jar;C:\Users\s556452\.m2\repository\org\springframework\spring-core\6.0.11\spring-core-6.0.11.jar;C:\Users\s556452\.m2\repository\org\springframework\spring-jcl\6.0.11\spring-jcl-6.0.11.jar;C:\Users\s556452\.m2\repository\org\springframework\spring-test\6.0.11\spring-test-6.0.11.jar;C:\Users\s556452\.m2\repository\org\xmlunit\xmlunit-core\2.9.1\xmlunit-core-2.9.1.jar;C:\Users\s556452\.m2\repository\org\apache\pdfbox\pdfbox\2.0.27\pdfbox-2.0.27.jar;C:\Users\s556452\.m2\repository\org\apache\pdfbox\fontbox\2.0.27\fontbox-2.0.27.jar;C:\Users\s556452\.m2\repository\commons-logging\commons-logging\1.2\commons-logging-1.2.jar;C:\Users\s556452\.m2\repository\org\springframework\boot\spring-boot-starter-data-elasticsearch\3.1.3\spring-boot-starter-data-elasticsearch-3.1.3.jar;C:\Users\s556452\.m2\repository\org\springframework\data\spring-data-elasticsearch\5.1.3\spring-data-elasticsearch-5.1.3.jar;C:\Users\s556452\.m2\repository\co\elastic\clients\elasticsearch-java\8.7.1\elasticsearch-java-8.7.1.jar;C:\Users\s556452\.m2\repository\com\google\code\findbugs\jsr305\3.0.2\jsr305-3.0.2.jar;C:\Users\s556452\.m2\repository\jakarta\json\jakarta.json-api\2.1.2\jakarta.json-api-2.1.2.jar;C:\Users\s556452\.m2\repository\org\eclipse\parsson\parsson\1.0.0\parsson-1.0.0.jar;C:\Users\s556452\.m2\repository\com\fasterxml\jackson\core\jackson-core\2.15.2\jackson-core-2.15.2.jar;C:\Users\s556452\.m2\repository\org\elasticsearch\client\elasticsearch-rest-high-level-client\7.16.1\elasticsearch-rest-high-level-client-7.16.1.jar;C:\Users\s556452\.m2\repository\org\elasticsearch\elasticsearch\7.16.1\elasticsearch-7.16.1.jar;C:\Users\s556452\.m2\repository\org\elasticsearch\elasticsearch-core\7.16.1\elasticsearch-core-7.16.1.jar;C:\Users\s556452\.m2\repository\org\elasticsearch\elasticsearch-secure-sm\7.16.1\elasticsearch-secure-sm-7.16.1.jar;C:\Users\s556452\.m2\repository\org\elasticsearch\elasticsearch-x-content\7.16.1\elasticsearch-x-content-7.16.1.jar;C:\Users\s556452\.m2\repository\com\fasterxml\jackson\dataformat\jackson-dataformat-smile\2.15.2\jackson-dataformat-smile-2.15.2.jar;C:\Users\s556452\.m2\repository\com\fasterxml\jackson\dataformat\jackson-dataformat-yaml\2.15.2\jackson-dataformat-yaml-2.15.2.jar;C:\Users\s556452\.m2\repository\com\fasterxml\jackson\dataformat\jackson-dataformat-cbor\2.15.2\jackson-dataformat-cbor-2.15.2.jar;C:\Users\s556452\.m2\repository\org\elasticsearch\elasticsearch-geo\7.16.1\elasticsearch-geo-7.16.1.jar;C:\Users\s556452\.m2\repository\org\elasticsearch\elasticsearch-lz4\7.16.1\elasticsearch-lz4-7.16.1.jar;C:\Users\s556452\.m2\repository\org\lz4\lz4-java\1.8.0\lz4-java-1.8.0.jar;C:\Users\s556452\.m2\repository\org\apache\lucene\lucene-core\8.10.1\lucene-core-8.10.1.jar;C:\Users\s556452\.m2\repository\org\apache\lucene\lucene-analyzers-common\8.10.1\lucene-analyzers-common-8.10.1.jar;C:\Users\s556452\.m2\repository\org\apache\lucene\lucene-backward-codecs\8.10.1\lucene-backward-codecs-8.10.1.jar;C:\Users\s556452\.m2\repository\org\apache\lucene\lucene-grouping\8.10.1\lucene-grouping-8.10.1.jar;C:\Users\s556452\.m2\repository\org\apache\lucene\lucene-highlighter\8.10.1\lucene-highlighter-8.10.1.jar;C:\Users\s556452\.m2\repository\org\apache\lucene\lucene-join\8.10.1\lucene-join-8.10.1.jar;C:\Users\s556452\.m2\repository\org\apache\lucene\lucene-memory\8.10.1\lucene-memory-8.10.1.jar;C:\Users\s556452\.m2\repository\org\apache\lucene\lucene-misc\8.10.1\lucene-misc-8.10.1.jar;C:\Users\s556452\.m2\repository\org\apache\lucene\lucene-queries\8.10.1\lucene-queries-8.10.1.jar;C:\Users\s556452\.m2\repository\org\apache\lucene\lucene-queryparser\8.10.1\lucene-queryparser-8.10.1.jar;C:\Users\s556452\.m2\repository\org\apache\lucene\lucene-sandbox\8.10.1\lucene-sandbox-8.10.1.jar;C:\Users\s556452\.m2\repository\org\apache\lucene\lucene-spatial3d\8.10.1\lucene-spatial3d-8.10.1.jar;C:\Users\s556452\.m2\repository\org\apache\lucene\lucene-suggest\8.10.1\lucene-suggest-8.10.1.jar;C:\Users\s556452\.m2\repository\org\elasticsearch\elasticsearch-cli\7.16.1\elasticsearch-cli-7.16.1.jar;C:\Users\s556452\.m2\repository\net\sf\jopt-simple\jopt-simple\5.0.2\jopt-simple-5.0.2.jar;C:\Users\s556452\.m2\repository\com\carrotsearch\hppc\0.8.1\hppc-0.8.1.jar;C:\Users\s556452\.m2\repository\joda-time\joda-time\2.10.10\joda-time-2.10.10.jar;C:\Users\s556452\.m2\repository\com\tdunning\t-digest\3.2\t-digest-3.2.jar;C:\Users\s556452\.m2\repository\org\hdrhistogram\HdrHistogram\2.1.9\HdrHistogram-2.1.9.jar;C:\Users\s556452\.m2\repository\org\apache\logging\log4j\log4j-api\2.20.0\log4j-api-2.20.0.jar;C:\Users\s556452\.m2\repository\net\java\dev\jna\jna\5.10.0\jna-5.10.0.jar;C:\Users\s556452\.m2\repository\org\elasticsearch\elasticsearch-plugin-classloader\7.16.1\elasticsearch-plugin-classloader-7.16.1.jar;C:\Users\s556452\.m2\repository\org\elasticsearch\client\elasticsearch-rest-client\8.7.1\elasticsearch-rest-client-8.7.1.jar;C:\Users\s556452\.m2\repository\org\apache\httpcomponents\httpclient\4.5.13\httpclient-4.5.13.jar;C:\Users\s556452\.m2\repository\org\apache\httpcomponents\httpcore\4.4.16\httpcore-4.4.16.jar;C:\Users\s556452\.m2\repository\org\apache\httpcomponents\httpasyncclient\4.1.5\httpasyncclient-4.1.5.jar;C:\Users\s556452\.m2\repository\org\apache\httpcomponents\httpcore-nio\4.4.16\httpcore-nio-4.4.16.jar;C:\Users\s556452\.m2\repository\commons-codec\commons-codec\1.15\commons-codec-1.15.jar;C:\Users\s556452\.m2\repository\org\elasticsearch\plugin\mapper-extras-client\7.16.1\mapper-extras-client-7.16.1.jar;C:\Users\s556452\.m2\repository\org\elasticsearch\plugin\parent-join-client\7.16.1\parent-join-client-7.16.1.jar;C:\Users\s556452\.m2\repository\org\elasticsearch\plugin\aggs-matrix-stats-client\7.16.1\aggs-matrix-stats-client-7.16.1.jar;C:\Users\s556452\.m2\repository\org\elasticsearch\plugin\rank-eval-client\7.16.1\rank-eval-client-7.16.1.jar;C:\Users\s556452\.m2\repository\org\elasticsearch\plugin\lang-mustache-client\7.16.1\lang-mustache-client-7.16.1.jar;C:\Users\s556452\.m2\repository\com\github\spullara\mustache\java\compiler\0.9.6\compiler-0.9.6.jar;C:\Users\s556452\.m2\repository\com\itextpdf\barcodes\8.0.0\barcodes-8.0.0.jar;C:\Users\s556452\.m2\repository\com\itextpdf\font-asian\8.0.0\font-asian-8.0.0.jar;C:\Users\s556452\.m2\repository\com\itextpdf\forms\8.0.0\forms-8.0.0.jar;C:\Users\s556452\.m2\repository\com\itextpdf\hyph\8.0.0\hyph-8.0.0.jar;C:\Users\s556452\.m2\repository\com\itextpdf\io\8.0.0\io-8.0.0.jar;C:\Users\s556452\.m2\repository\com\itextpdf\commons\8.0.0\commons-8.0.0.jar;C:\Users\s556452\.m2\repository\com\itextpdf\kernel\8.0.0\kernel-8.0.0.jar;C:\Users\s556452\.m2\repository\com\itextpdf\layout\8.0.0\layout-8.0.0.jar;C:\Users\s556452\.m2\repository\com\itextpdf\pdfa\8.0.0\pdfa-8.0.0.jar;C:\Users\s556452\.m2\repository\com\itextpdf\sign\8.0.0\sign-8.0.0.jar;C:\Users\s556452\.m2\repository\com\itextpdf\styled-xml-parser\8.0.0\styled-xml-parser-8.0.0.jar;C:\Users\s556452\.m2\repository\com\itextpdf\svg\8.0.0\svg-8.0.0.jar;C:\Users\s556452\.m2\repository\com\itextpdf\bouncy-castle-connector\8.0.0\bouncy-castle-connector-8.0.0.jar;C:\Users\s556452\.m2\repository\org\springframework\boot\spring-boot-starter-mail\3.1.3\spring-boot-starter-mail-3.1.3.jar;C:\Users\s556452\.m2\repository\org\springframework\spring-context-support\6.0.11\spring-context-support-6.0.11.jar;C:\Users\s556452\.m2\repository\org\eclipse\angus\jakarta.mail\1.1.0\jakarta.mail-1.1.0.jar;C:\Users\s556452\.m2\repository\org\eclipse\angus\angus-activation\2.0.1\angus-activation-2.0.1.jar;C:\Users\s556452\.m2\repository\org\springframework\security\spring-security-crypto\6.1.3\spring-security-crypto-6.1.3.jar;"/>
    <property name="java.vm.vendor" value="Oracle Corporation"/>
    <property name="sun.arch.data.model" value="64"/>
    <property name="user.variant" value=""/>
    <property name="java.vendor.url" value="https://java.oracle.com/"/>
    <property name="user.timezone" value="America/Chicago"/>
    <property name="os.name" value="Windows 10"/>
    <property name="java.vm.specification.version" value="18"/>
    <property name="sun.java.launcher" value="SUN_STANDARD"/>
    <property name="user.country" value="US"/>
    <property name="sun.boot.library.path" value="C:\Program Files\Java\jdk-18.0.2.1\bin"/>
    <property name="sun.java.command" value="C:\Users\s556452\AppData\Local\Temp\surefire3213081148858647183\surefirebooter-20231107130106276_3.jar C:\Users\s556452\AppData\Local\Temp\surefire3213081148858647183 2023-11-07T13-01-05_964-jvmRun1 surefire-20231107130106276_1tmp surefire_0-20231107130106276_2tmp"/>
    <property name="jdk.debug" value="release"/>
    <property name="surefire.test.class.path" value="C:\Users\s556452\Desktop\Projects\HistoryOfBlackPeople\target\test-classes;C:\Users\s556452\Desktop\Projects\HistoryOfBlackPeople\target\classes;C:\Users\s556452\.m2\repository\org\springframework\boot\spring-boot-starter-data-mongodb\3.1.3\spring-boot-starter-data-mongodb-3.1.3.jar;C:\Users\s556452\.m2\repository\org\springframework\boot\spring-boot-starter\3.1.3\spring-boot-starter-3.1.3.jar;C:\Users\s556452\.m2\repository\org\springframework\boot\spring-boot-starter-logging\3.1.3\spring-boot-starter-logging-3.1.3.jar;C:\Users\s556452\.m2\repository\ch\qos\logback\logback-classic\1.4.11\logback-classic-1.4.11.jar;C:\Users\s556452\.m2\repository\ch\qos\logback\logback-core\1.4.11\logback-core-1.4.11.jar;C:\Users\s556452\.m2\repository\org\apache\logging\log4j\log4j-to-slf4j\2.20.0\log4j-to-slf4j-2.20.0.jar;C:\Users\s556452\.m2\repository\org\slf4j\jul-to-slf4j\2.0.7\jul-to-slf4j-2.0.7.jar;C:\Users\s556452\.m2\repository\jakarta\annotation\jakarta.annotation-api\2.1.1\jakarta.annotation-api-2.1.1.jar;C:\Users\s556452\.m2\repository\org\yaml\snakeyaml\1.33\snakeyaml-1.33.jar;C:\Users\s556452\.m2\repository\org\mongodb\mongodb-driver-sync\4.9.1\mongodb-driver-sync-4.9.1.jar;C:\Users\s556452\.m2\repository\org\mongodb\bson\4.9.1\bson-4.9.1.jar;C:\Users\s556452\.m2\repository\org\mongodb\mongodb-driver-core\4.9.1\mongodb-driver-core-4.9.1.jar;C:\Users\s556452\.m2\repository\org\mongodb\bson-record-codec\4.9.1\bson-record-codec-4.9.1.jar;C:\Users\s556452\.m2\repository\org\springframework\data\spring-data-mongodb\4.1.3\spring-data-mongodb-4.1.3.jar;C:\Users\s556452\.m2\repository\org\springframework\spring-tx\6.0.11\spring-tx-6.0.11.jar;C:\Users\s556452\.m2\repository\org\springframework\spring-context\6.0.11\spring-context-6.0.11.jar;C:\Users\s556452\.m2\repository\org\springframework\spring-beans\6.0.11\spring-beans-6.0.11.jar;C:\Users\s556452\.m2\repository\org\springframework\spring-expression\6.0.11\spring-expression-6.0.11.jar;C:\Users\s556452\.m2\repository\org\springframework\data\spring-data-commons\3.1.3\spring-data-commons-3.1.3.jar;C:\Users\s556452\.m2\repository\org\slf4j\slf4j-api\2.0.7\slf4j-api-2.0.7.jar;C:\Users\s556452\.m2\repository\org\springframework\boot\spring-boot-starter-web\3.1.3\spring-boot-starter-web-3.1.3.jar;C:\Users\s556452\.m2\repository\org\springframework\boot\spring-boot-starter-json\3.1.3\spring-boot-starter-json-3.1.3.jar;C:\Users\s556452\.m2\repository\com\fasterxml\jackson\core\jackson-databind\2.15.2\jackson-databind-2.15.2.jar;C:\Users\s556452\.m2\repository\com\fasterxml\jackson\core\jackson-annotations\2.15.2\jackson-annotations-2.15.2.jar;C:\Users\s556452\.m2\repository\com\fasterxml\jackson\datatype\jackson-datatype-jdk8\2.15.2\jackson-datatype-jdk8-2.15.2.jar;C:\Users\s556452\.m2\repository\com\fasterxml\jackson\datatype\jackson-datatype-jsr310\2.15.2\jackson-datatype-jsr310-2.15.2.jar;C:\Users\s556452\.m2\repository\com\fasterxml\jackson\module\jackson-module-parameter-names\2.15.2\jackson-module-parameter-names-2.15.2.jar;C:\Users\s556452\.m2\repository\org\springframework\boot\spring-boot-starter-tomcat\3.1.3\spring-boot-starter-tomcat-3.1.3.jar;C:\Users\s556452\.m2\repository\org\apache\tomcat\embed\tomcat-embed-core\10.1.12\tomcat-embed-core-10.1.12.jar;C:\Users\s556452\.m2\repository\org\apache\tomcat\embed\tomcat-embed-el\10.1.12\tomcat-embed-el-10.1.12.jar;C:\Users\s556452\.m2\repository\org\apache\tomcat\embed\tomcat-embed-websocket\10.1.12\tomcat-embed-websocket-10.1.12.jar;C:\Users\s556452\.m2\repository\org\springframework\spring-web\6.0.11\spring-web-6.0.11.jar;C:\Users\s556452\.m2\repository\io\micrometer\micrometer-observation\1.11.3\micrometer-observation-1.11.3.jar;C:\Users\s556452\.m2\repository\io\micrometer\micrometer-commons\1.11.3\micrometer-commons-1.11.3.jar;C:\Users\s556452\.m2\repository\org\springframework\spring-webmvc\6.0.11\spring-webmvc-6.0.11.jar;C:\Users\s556452\.m2\repository\org\springframework\spring-aop\6.0.11\spring-aop-6.0.11.jar;C:\Users\s556452\.m2\repository\org\springframework\boot\spring-boot-devtools\3.1.3\spring-boot-devtools-3.1.3.jar;C:\Users\s556452\.m2\repository\org\springframework\boot\spring-boot\3.1.3\spring-boot-3.1.3.jar;C:\Users\s556452\.m2\repository\org\springframework\boot\spring-boot-autoconfigure\3.1.3\spring-boot-autoconfigure-3.1.3.jar;C:\Users\s556452\.m2\repository\org\projectlombok\lombok\1.18.28\lombok-1.18.28.jar;C:\Users\s556452\.m2\repository\org\springframework\boot\spring-boot-starter-test\3.1.3\spring-boot-starter-test-3.1.3.jar;C:\Users\s556452\.m2\repository\org\springframework\boot\spring-boot-test\3.1.3\spring-boot-test-3.1.3.jar;C:\Users\s556452\.m2\repository\org\springframework\boot\spring-boot-test-autoconfigure\3.1.3\spring-boot-test-autoconfigure-3.1.3.jar;C:\Users\s556452\.m2\repository\com\jayway\jsonpath\json-path\2.8.0\json-path-2.8.0.jar;C:\Users\s556452\.m2\repository\jakarta\xml\bind\jakarta.xml.bind-api\4.0.0\jakarta.xml.bind-api-4.0.0.jar;C:\Users\s556452\.m2\repository\jakarta\activation\jakarta.activation-api\2.1.2\jakarta.activation-api-2.1.2.jar;C:\Users\s556452\.m2\repository\net\minidev\json-smart\2.4.11\json-smart-2.4.11.jar;C:\Users\s556452\.m2\repository\net\minidev\accessors-smart\2.4.11\accessors-smart-2.4.11.jar;C:\Users\s556452\.m2\repository\org\ow2\asm\asm\9.3\asm-9.3.jar;C:\Users\s556452\.m2\repository\org\assertj\assertj-core\3.24.2\assertj-core-3.24.2.jar;C:\Users\s556452\.m2\repository\net\bytebuddy\byte-buddy\1.14.6\byte-buddy-1.14.6.jar;C:\Users\s556452\.m2\repository\org\hamcrest\hamcrest\2.2\hamcrest-2.2.jar;C:\Users\s556452\.m2\repository\org\junit\jupiter\junit-jupiter\5.9.3\junit-jupiter-5.9.3.jar;C:\Users\s556452\.m2\repository\org\junit\jupiter\junit-jupiter-api\5.9.3\junit-jupiter-api-5.9.3.jar;C:\Users\s556452\.m2\repository\org\opentest4j\opentest4j\1.2.0\opentest4j-1.2.0.jar;C:\Users\s556452\.m2\repository\org\junit\platform\junit-platform-commons\1.9.3\junit-platform-commons-1.9.3.jar;C:\Users\s556452\.m2\repository\org\apiguardian\apiguardian-api\1.1.2\apiguardian-api-1.1.2.jar;C:\Users\s556452\.m2\repository\org\junit\jupiter\junit-jupiter-params\5.9.3\junit-jupiter-params-5.9.3.jar;C:\Users\s556452\.m2\repository\org\junit\jupiter\junit-jupiter-engine\5.9.3\junit-jupiter-engine-5.9.3.jar;C:\Users\s556452\.m2\repository\org\junit\platform\junit-platform-engine\1.9.3\junit-platform-engine-1.9.3.jar;C:\Users\s556452\.m2\repository\org\mockito\mockito-core\5.3.1\mockito-core-5.3.1.jar;C:\Users\s556452\.m2\repository\net\bytebuddy\byte-buddy-agent\1.14.6\byte-buddy-agent-1.14.6.jar;C:\Users\s556452\.m2\repository\org\objenesis\objenesis\3.3\objenesis-3.3.jar;C:\Users\s556452\.m2\repository\org\mockito\mockito-junit-jupiter\5.3.1\mockito-junit-jupiter-5.3.1.jar;C:\Users\s556452\.m2\repository\org\skyscreamer\jsonassert\1.5.1\jsonassert-1.5.1.jar;C:\Users\s556452\.m2\repository\com\vaadin\external\google\android-json\0.0.20131108.vaadin1\android-json-0.0.20131108.vaadin1.jar;C:\Users\s556452\.m2\repository\org\springframework\spring-core\6.0.11\spring-core-6.0.11.jar;C:\Users\s556452\.m2\repository\org\springframework\spring-jcl\6.0.11\spring-jcl-6.0.11.jar;C:\Users\s556452\.m2\repository\org\springframework\spring-test\6.0.11\spring-test-6.0.11.jar;C:\Users\s556452\.m2\repository\org\xmlunit\xmlunit-core\2.9.1\xmlunit-core-2.9.1.jar;C:\Users\s556452\.m2\repository\org\apache\pdfbox\pdfbox\2.0.27\pdfbox-2.0.27.jar;C:\Users\s556452\.m2\repository\org\apache\pdfbox\fontbox\2.0.27\fontbox-2.0.27.jar;C:\Users\s556452\.m2\repository\commons-logging\commons-logging\1.2\commons-logging-1.2.jar;C:\Users\s556452\.m2\repository\org\springframework\boot\spring-boot-starter-data-elasticsearch\3.1.3\spring-boot-starter-data-elasticsearch-3.1.3.jar;C:\Users\s556452\.m2\repository\org\springframework\data\spring-data-elasticsearch\5.1.3\spring-data-elasticsearch-5.1.3.jar;C:\Users\s556452\.m2\repository\co\elastic\clients\elasticsearch-java\8.7.1\elasticsearch-java-8.7.1.jar;C:\Users\s556452\.m2\repository\com\google\code\findbugs\jsr305\3.0.2\jsr305-3.0.2.jar;C:\Users\s556452\.m2\repository\jakarta\json\jakarta.json-api\2.1.2\jakarta.json-api-2.1.2.jar;C:\Users\s556452\.m2\repository\org\eclipse\parsson\parsson\1.0.0\parsson-1.0.0.jar;C:\Users\s556452\.m2\repository\com\fasterxml\jackson\core\jackson-core\2.15.2\jackson-core-2.15.2.jar;C:\Users\s556452\.m2\repository\org\elasticsearch\client\elasticsearch-rest-high-level-client\7.16.1\elasticsearch-rest-high-level-client-7.16.1.jar;C:\Users\s556452\.m2\repository\org\elasticsearch\elasticsearch\7.16.1\elasticsearch-7.16.1.jar;C:\Users\s556452\.m2\repository\org\elasticsearch\elasticsearch-core\7.16.1\elasticsearch-core-7.16.1.jar;C:\Users\s556452\.m2\repository\org\elasticsearch\elasticsearch-secure-sm\7.16.1\elasticsearch-secure-sm-7.16.1.jar;C:\Users\s556452\.m2\repository\org\elasticsearch\elasticsearch-x-content\7.16.1\elasticsearch-x-content-7.16.1.jar;C:\Users\s556452\.m2\repository\com\fasterxml\jackson\dataformat\jackson-dataformat-smile\2.15.2\jackson-dataformat-smile-2.15.2.jar;C:\Users\s556452\.m2\repository\com\fasterxml\jackson\dataformat\jackson-dataformat-yaml\2.15.2\jackson-dataformat-yaml-2.15.2.jar;C:\Users\s556452\.m2\repository\com\fasterxml\jackson\dataformat\jackson-dataformat-cbor\2.15.2\jackson-dataformat-cbor-2.15.2.jar;C:\Users\s556452\.m2\repository\org\elasticsearch\elasticsearch-geo\7.16.1\elasticsearch-geo-7.16.1.jar;C:\Users\s556452\.m2\repository\org\elasticsearch\elasticsearch-lz4\7.16.1\elasticsearch-lz4-7.16.1.jar;C:\Users\s556452\.m2\repository\org\lz4\lz4-java\1.8.0\lz4-java-1.8.0.jar;C:\Users\s556452\.m2\repository\org\apache\lucene\lucene-core\8.10.1\lucene-core-8.10.1.jar;C:\Users\s556452\.m2\repository\org\apache\lucene\lucene-analyzers-common\8.10.1\lucene-analyzers-common-8.10.1.jar;C:\Users\s556452\.m2\repository\org\apache\lucene\lucene-backward-codecs\8.10.1\lucene-backward-codecs-8.10.1.jar;C:\Users\s556452\.m2\repository\org\apache\lucene\lucene-grouping\8.10.1\lucene-grouping-8.10.1.jar;C:\Users\s556452\.m2\repository\org\apache\lucene\lucene-highlighter\8.10.1\lucene-highlighter-8.10.1.jar;C:\Users\s556452\.m2\repository\org\apache\lucene\lucene-join\8.10.1\lucene-join-8.10.1.jar;C:\Users\s556452\.m2\repository\org\apache\lucene\lucene-memory\8.10.1\lucene-memory-8.10.1.jar;C:\Users\s556452\.m2\repository\org\apache\lucene\lucene-misc\8.10.1\lucene-misc-8.10.1.jar;C:\Users\s556452\.m2\repository\org\apache\lucene\lucene-queries\8.10.1\lucene-queries-8.10.1.jar;C:\Users\s556452\.m2\repository\org\apache\lucene\lucene-queryparser\8.10.1\lucene-queryparser-8.10.1.jar;C:\Users\s556452\.m2\repository\org\apache\lucene\lucene-sandbox\8.10.1\lucene-sandbox-8.10.1.jar;C:\Users\s556452\.m2\repository\org\apache\lucene\lucene-spatial3d\8.10.1\lucene-spatial3d-8.10.1.jar;C:\Users\s556452\.m2\repository\org\apache\lucene\lucene-suggest\8.10.1\lucene-suggest-8.10.1.jar;C:\Users\s556452\.m2\repository\org\elasticsearch\elasticsearch-cli\7.16.1\elasticsearch-cli-7.16.1.jar;C:\Users\s556452\.m2\repository\net\sf\jopt-simple\jopt-simple\5.0.2\jopt-simple-5.0.2.jar;C:\Users\s556452\.m2\repository\com\carrotsearch\hppc\0.8.1\hppc-0.8.1.jar;C:\Users\s556452\.m2\repository\joda-time\joda-time\2.10.10\joda-time-2.10.10.jar;C:\Users\s556452\.m2\repository\com\tdunning\t-digest\3.2\t-digest-3.2.jar;C:\Users\s556452\.m2\repository\org\hdrhistogram\HdrHistogram\2.1.9\HdrHistogram-2.1.9.jar;C:\Users\s556452\.m2\repository\org\apache\logging\log4j\log4j-api\2.20.0\log4j-api-2.20.0.jar;C:\Users\s556452\.m2\repository\net\java\dev\jna\jna\5.10.0\jna-5.10.0.jar;C:\Users\s556452\.m2\repository\org\elasticsearch\elasticsearch-plugin-classloader\7.16.1\elasticsearch-plugin-classloader-7.16.1.jar;C:\Users\s556452\.m2\repository\org\elasticsearch\client\elasticsearch-rest-client\8.7.1\elasticsearch-rest-client-8.7.1.jar;C:\Users\s556452\.m2\repository\org\apache\httpcomponents\httpclient\4.5.13\httpclient-4.5.13.jar;C:\Users\s556452\.m2\repository\org\apache\httpcomponents\httpcore\4.4.16\httpcore-4.4.16.jar;C:\Users\s556452\.m2\repository\org\apache\httpcomponents\httpasyncclient\4.1.5\httpasyncclient-4.1.5.jar;C:\Users\s556452\.m2\repository\org\apache\httpcomponents\httpcore-nio\4.4.16\httpcore-nio-4.4.16.jar;C:\Users\s556452\.m2\repository\commons-codec\commons-codec\1.15\commons-codec-1.15.jar;C:\Users\s556452\.m2\repository\org\elasticsearch\plugin\mapper-extras-client\7.16.1\mapper-extras-client-7.16.1.jar;C:\Users\s556452\.m2\repository\org\elasticsearch\plugin\parent-join-client\7.16.1\parent-join-client-7.16.1.jar;C:\Users\s556452\.m2\repository\org\elasticsearch\plugin\aggs-matrix-stats-client\7.16.1\aggs-matrix-stats-client-7.16.1.jar;C:\Users\s556452\.m2\repository\org\elasticsearch\plugin\rank-eval-client\7.16.1\rank-eval-client-7.16.1.jar;C:\Users\s556452\.m2\repository\org\elasticsearch\plugin\lang-mustache-client\7.16.1\lang-mustache-client-7.16.1.jar;C:\Users\s556452\.m2\repository\com\github\spullara\mustache\java\compiler\0.9.6\compiler-0.9.6.jar;C:\Users\s556452\.m2\repository\com\itextpdf\barcodes\8.0.0\barcodes-8.0.0.jar;C:\Users\s556452\.m2\repository\com\itextpdf\font-asian\8.0.0\font-asian-8.0.0.jar;C:\Users\s556452\.m2\repository\com\itextpdf\forms\8.0.0\forms-8.0.0.jar;C:\Users\s556452\.m2\repository\com\itextpdf\hyph\8.0.0\hyph-8.0.0.jar;C:\Users\s556452\.m2\repository\com\itextpdf\io\8.0.0\io-8.0.0.jar;C:\Users\s556452\.m2\repository\com\itextpdf\commons\8.0.0\commons-8.0.0.jar;C:\Users\s556452\.m2\repository\com\itextpdf\kernel\8.0.0\kernel-8.0.0.jar;C:\Users\s556452\.m2\repository\com\itextpdf\layout\8.0.0\layout-8.0.0.jar;C:\Users\s556452\.m2\repository\com\itextpdf\pdfa\8.0.0\pdfa-8.0.0.jar;C:\Users\s556452\.m2\repository\com\itextpdf\sign\8.0.0\sign-8.0.0.jar;C:\Users\s556452\.m2\repository\com\itextpdf\styled-xml-parser\8.0.0\styled-xml-parser-8.0.0.jar;C:\Users\s556452\.m2\repository\com\itextpdf\svg\8.0.0\svg-8.0.0.jar;C:\Users\s556452\.m2\repository\com\itextpdf\bouncy-castle-connector\8.0.0\bouncy-castle-connector-8.0.0.jar;C:\Users\s556452\.m2\repository\org\springframework\boot\spring-boot-starter-mail\3.1.3\spring-boot-starter-mail-3.1.3.jar;C:\Users\s556452\.m2\repository\org\springframework\spring-context-support\6.0.11\spring-context-support-6.0.11.jar;C:\Users\s556452\.m2\repository\org\eclipse\angus\jakarta.mail\1.1.0\jakarta.mail-1.1.0.jar;C:\Users\s556452\.m2\repository\org\eclipse\angus\angus-activation\2.0.1\angus-activation-2.0.1.jar;C:\Users\s556452\.m2\repository\org\springframework\security\spring-security-crypto\6.1.3\spring-security-crypto-6.1.3.jar;"/>
    <property name="sun.cpu.endian" value="little"/>
    <property name="user.home" value="C:\Users\s556452"/>
    <property name="user.language" value="en"/>
    <property name="java.specification.vendor" value="Oracle Corporation"/>
    <property name="java.version.date" value="2022-08-18"/>
    <property name="java.home" value="C:\Program Files\Java\jdk-18.0.2.1"/>
    <property name="file.separator" value="\"/>
    <property name="basedir" value="C:\Users\s556452\Desktop\Projects\HistoryOfBlackPeople"/>
    <property name="java.vm.compressedOopsMode" value="32-bit"/>
    <property name="line.separator" value="&#10;"/>
    <property name="java.vm.specification.vendor" value="Oracle Corporation"/>
    <property name="java.specification.name" value="Java Platform API Specification"/>
    <property name="FILE_LOG_CHARSET" value="UTF-8"/>
    <property name="java.awt.headless" value="true"/>
    <property name="surefire.real.class.path" value="C:\Users\s556452\AppData\Local\Temp\surefire3213081148858647183\surefirebooter-20231107130106276_3.jar"/>
    <property name="user.script" value=""/>
    <property name="sun.management.compiler" value="HotSpot 64-Bit Tiered Compilers"/>
    <property name="java.runtime.version" value="18.0.2.1+1-1"/>
    <property name="user.name" value="s556452"/>
    <property name="path.separator" value=";"/>
    <property name="os.version" value="10.0"/>
    <property name="java.runtime.name" value="Java(TM) SE Runtime Environment"/>
    <property name="file.encoding" value="UTF-8"/>
    <property name="java.vm.name" value="Java HotSpot(TM) 64-Bit Server VM"/>
    <property name="localRepository" value="C:\Users\s556452\.m2\repository"/>
    <property name="java.vendor.url.bug" value="https://bugreport.java.com/bugreport/"/>
    <property name="java.io.tmpdir" value="C:\Users\s556452\AppData\Local\Temp\"/>
    <property name="java.version" value="18.0.2.1"/>
    <property name="user.dir" value="C:\Users\s556452\Desktop\Projects\HistoryOfBlackPeople"/>
    <property name="os.arch" value="amd64"/>
    <property name="java.vm.specification.name" value="Java Virtual Machine Specification"/>
    <property name="PID" value="23484"/>
    <property name="sun.os.patch.level" value=""/>
    <property name="CONSOLE_LOG_CHARSET" value="UTF-8"/>
    <property name="native.encoding" value="Cp1252"/>
    <property name="java.library.path" value="C:\Program Files\Java\jdk-18.0.2.1\bin;C:\windows\Sun\Java\bin;C:\windows\system32;C:\windows;C:\Program Files\Common Files\Oracle\Java\javapath;C:\app\db_home\bin;C:\windows\system32;C:\windows;C:\windows\System32\Wbem;C:\windows\System32\WindowsPowerShell\v1.0\;C:\windows\System32\OpenSSH\;C:\Program Files (x86)\Windows Live\Shared;C:\Program Files\Git\cmd;C:\Program Files\nodejs\;C:\Program Files\nodejs;C:\Program Files\apache-maven-3.8.6\bin;C:\Program Files\MongoDB\Server\6.0\bin;C:\Program Files\Java\jdk-18.0.2.1\bin;C:\Users\s556452\AppData\Local\Programs\Python\Python39\Scripts;C:\Program Files\Docker\Docker\resources\bin;C:\ProgramData\chocolatey\bin;C:\ProgramData\chocolatey\lib\maven\apache-maven-3.9.4\bin;C:\hadoop\bin;C:\Users\s556452\Anaconda3;C:\Users\s556452\Anaconda3\Library\mingw-w64\bin;C:\Users\s556452\Anaconda3\Library\usr\bin;C:\Users\s556452\Anaconda3\Library\bin;C:\Users\s556452\Anaconda3\Scripts;C:\Users\s556452\AppData\Local\Microsoft\WindowsApps;C:\Users\s556452\AppData\Local\GitHubDesktop\bin;C:\Users\s556452\AppData\Local\Programs\Microsoft VS Code\bin;C:\Users\s556452\AppData\Roaming\npm;C:\Program Files\JetBrains\PyCharm 2023.1.2\bin;;C:\Users\s556452\AppData\Local\Programs\Python\Python39\Scripts;;C:\Program Files\JetBrains\IntelliJ IDEA Community Edition 2023.1.3\bin;;."/>
    <property name="java.vm.info" value="mixed mode, sharing"/>
    <property name="java.vendor" value="Oracle Corporation"/>
    <property name="java.vm.version" value="18.0.2.1+1-1"/>
    <property name="sun.io.unicode.encoding" value="UnicodeLittle"/>
    <property name="java.class.version" value="62.0"/>
  </properties>
  <testcase name="contextLoads" classname="com.example.demo.HistoryOfBlackPeopleApplicationTests" time="0.927">
    <system-out><![CDATA[13:01:07.634 [main] INFO org.springframework.test.context.support.AnnotationConfigContextLoaderUtils -- Could not detect default configuration classes for test class [com.example.demo.HistoryOfBlackPeopleApplicationTests]: HistoryOfBlackPeopleApplicationTests does not declare any static, non-private, non-final, nested classes annotated with @Configuration.
13:01:07.876 [main] INFO org.springframework.boot.test.context.SpringBootTestContextBootstrapper -- Found @SpringBootConfiguration com.example.demo.HistoryOfBlackPeopleApplication for test class com.example.demo.HistoryOfBlackPeopleApplicationTests

  .   ____          _            __ _ _
 /\\ / ___'_ __ _ _(_)_ __  __ _ \ \ \ \
( ( )\___ | '_ | '_| | '_ \/ _` | \ \ \ \
 \\/  ___)| |_)| | | | | || (_| |  ) ) ) )
  '  |____| .__|_| |_|_| |_\__, | / / / /
 =========|_|==============|___/=/_/_/_/
 :: Spring Boot ::                (v3.1.3)

2023-11-07T13:01:08.550-06:00  INFO 23484 --- [           main] e.d.HistoryOfBlackPeopleApplicationTests : Starting HistoryOfBlackPeopleApplicationTests using Java 18.0.2.1 with PID 23484 (started by s556452 in C:\Users\s556452\Desktop\Projects\HistoryOfBlackPeople)
2023-11-07T13:01:08.552-06:00  INFO 23484 --- [           main] e.d.HistoryOfBlackPeopleApplicationTests : No active profile set, falling back to 1 default profile: "default"
2023-11-07T13:01:09.281-06:00  INFO 23484 --- [           main] .s.d.r.c.RepositoryConfigurationDelegate : Multiple Spring Data modules found, entering strict repository configuration mode
2023-11-07T13:01:09.283-06:00  INFO 23484 --- [           main] .s.d.r.c.RepositoryConfigurationDelegate : Bootstrapping Spring Data Elasticsearch repositories in DEFAULT mode.
2023-11-07T13:01:09.322-06:00  INFO 23484 --- [           main] .RepositoryConfigurationExtensionSupport : Spring Data Elasticsearch - Could not safely identify store assignment for repository candidate interface com.example.demo.repos.AdminRepository; If you want this repository to be a Elasticsearch repository, consider annotating your entities with one of these annotations: org.springframework.data.elasticsearch.annotations.Document (preferred), or consider extending one of the following types with your repository: org.springframework.data.elasticsearch.repository.ElasticsearchRepository, org.springframework.data.elasticsearch.repository.ElasticsearchRepository
2023-11-07T13:01:09.327-06:00  INFO 23484 --- [           main] .RepositoryConfigurationExtensionSupport : Spring Data Elasticsearch - Could not safely identify store assignment for repository candidate interface com.example.demo.repos.FileRepository; If you want this repository to be a Elasticsearch repository, consider annotating your entities with one of these annotations: org.springframework.data.elasticsearch.annotations.Document (preferred), or consider extending one of the following types with your repository: org.springframework.data.elasticsearch.repository.ElasticsearchRepository, org.springframework.data.elasticsearch.repository.ElasticsearchRepository
2023-11-07T13:01:09.332-06:00  INFO 23484 --- [           main] .RepositoryConfigurationExtensionSupport : Spring Data Elasticsearch - Could not safely identify store assignment for repository candidate interface com.example.demo.repos.FileStructureMongoRepository; If you want this repository to be a Elasticsearch repository, consider annotating your entities with one of these annotations: org.springframework.data.elasticsearch.annotations.Document (preferred), or consider extending one of the following types with your repository: org.springframework.data.elasticsearch.repository.ElasticsearchRepository, org.springframework.data.elasticsearch.repository.ElasticsearchRepository
2023-11-07T13:01:09.334-06:00  INFO 23484 --- [           main] .RepositoryConfigurationExtensionSupport : Spring Data Elasticsearch - Could not safely identify store assignment for repository candidate interface com.example.demo.repos.FileStructureRepository; If you want this repository to be a Elasticsearch repository, consider annotating your entities with one of these annotations: org.springframework.data.elasticsearch.annotations.Document (preferred), or consider extending one of the following types with your repository: org.springframework.data.elasticsearch.repository.ElasticsearchRepository, org.springframework.data.elasticsearch.repository.ElasticsearchRepository
2023-11-07T13:01:09.338-06:00  INFO 23484 --- [           main] .RepositoryConfigurationExtensionSupport : Spring Data Elasticsearch - Could not safely identify store assignment for repository candidate interface com.example.demo.repos.UserRepository; If you want this repository to be a Elasticsearch repository, consider annotating your entities with one of these annotations: org.springframework.data.elasticsearch.annotations.Document (preferred), or consider extending one of the following types with your repository: org.springframework.data.elasticsearch.repository.ElasticsearchRepository, org.springframework.data.elasticsearch.repository.ElasticsearchRepository
2023-11-07T13:01:09.338-06:00  INFO 23484 --- [           main] .s.d.r.c.RepositoryConfigurationDelegate : Finished Spring Data repository scanning in 50 ms. Found 0 Elasticsearch repository interfaces.
2023-11-07T13:01:09.348-06:00  INFO 23484 --- [           main] .s.d.r.c.RepositoryConfigurationDelegate : Multiple Spring Data modules found, entering strict repository configuration mode
2023-11-07T13:01:09.349-06:00  INFO 23484 --- [           main] .s.d.r.c.RepositoryConfigurationDelegate : Bootstrapping Spring Data Reactive Elasticsearch repositories in DEFAULT mode.
2023-11-07T13:01:09.354-06:00  INFO 23484 --- [           main] .RepositoryConfigurationExtensionSupport : Spring Data Reactive Elasticsearch - Could not safely identify store assignment for repository candidate interface com.example.demo.repos.AdminRepository; If you want this repository to be a Reactive Elasticsearch repository, consider annotating your entities with one of these annotations: org.springframework.data.elasticsearch.annotations.Document (preferred), or consider extending one of the following types with your repository: org.springframework.data.elasticsearch.repository.ReactiveElasticsearchRepository
2023-11-07T13:01:09.356-06:00  INFO 23484 --- [           main] .RepositoryConfigurationExtensionSupport : Spring Data Reactive Elasticsearch - Could not safely identify store assignment for repository candidate interface com.example.demo.repos.FileRepository; If you want this repository to be a Reactive Elasticsearch repository, consider annotating your entities with one of these annotations: org.springframework.data.elasticsearch.annotations.Document (preferred), or consider extending one of the following types with your repository: org.springframework.data.elasticsearch.repository.ReactiveElasticsearchRepository
2023-11-07T13:01:09.356-06:00  INFO 23484 --- [           main] .RepositoryConfigurationExtensionSupport : Spring Data Reactive Elasticsearch - Could not safely identify store assignment for repository candidate interface com.example.demo.repos.FileStructureMongoRepository; If you want this repository to be a Reactive Elasticsearch repository, consider annotating your entities with one of these annotations: org.springframework.data.elasticsearch.annotations.Document (preferred), or consider extending one of the following types with your repository: org.springframework.data.elasticsearch.repository.ReactiveElasticsearchRepository
2023-11-07T13:01:09.357-06:00  INFO 23484 --- [           main] .RepositoryConfigurationExtensionSupport : Spring Data Reactive Elasticsearch - Could not safely identify store assignment for repository candidate interface com.example.demo.repos.FileStructureRepository; If you want this repository to be a Reactive Elasticsearch repository, consider annotating your entities with one of these annotations: org.springframework.data.elasticsearch.annotations.Document (preferred), or consider extending one of the following types with your repository: org.springframework.data.elasticsearch.repository.ReactiveElasticsearchRepository
2023-11-07T13:01:09.358-06:00  INFO 23484 --- [           main] .RepositoryConfigurationExtensionSupport : Spring Data Reactive Elasticsearch - Could not safely identify store assignment for repository candidate interface com.example.demo.repos.UserRepository; If you want this repository to be a Reactive Elasticsearch repository, consider annotating your entities with one of these annotations: org.springframework.data.elasticsearch.annotations.Document (preferred), or consider extending one of the following types with your repository: org.springframework.data.elasticsearch.repository.ReactiveElasticsearchRepository
2023-11-07T13:01:09.358-06:00  INFO 23484 --- [           main] .s.d.r.c.RepositoryConfigurationDelegate : Finished Spring Data repository scanning in 8 ms. Found 0 Reactive Elasticsearch repository interfaces.
2023-11-07T13:01:09.395-06:00  INFO 23484 --- [           main] .s.d.r.c.RepositoryConfigurationDelegate : Multiple Spring Data modules found, entering strict repository configuration mode
2023-11-07T13:01:09.395-06:00  INFO 23484 --- [           main] .s.d.r.c.RepositoryConfigurationDelegate : Bootstrapping Spring Data MongoDB repositories in DEFAULT mode.
2023-11-07T13:01:09.433-06:00  INFO 23484 --- [           main] .s.d.r.c.RepositoryConfigurationDelegate : Finished Spring Data repository scanning in 37 ms. Found 5 MongoDB repository interfaces.
2023-11-07T13:01:10.053-06:00  INFO 23484 --- [sis.mongodb.net] org.mongodb.driver.cluster               : Adding discovered server ac-r0hbrkp-shard-00-01.vnz6sis.mongodb.net:27017 to client view of cluster
2023-11-07T13:01:10.084-06:00  INFO 23484 --- [           main] org.mongodb.driver.client                : MongoClient with metadata {"driver": {"name": "mongo-java-driver|sync|spring-boot", "version": "4.9.1"}, "os": {"type": "Windows", "name": "Windows 10", "architecture": "amd64", "version": "10.0"}, "platform": "Java/Oracle Corporation/18.0.2.1+1-1"} created with settings MongoClientSettings{readPreference=primary, writeConcern=WriteConcern{w=majority, wTimeout=null ms, journal=null}, retryWrites=true, retryReads=true, readConcern=ReadConcern{level=null}, credential=MongoCredential{mechanism=null, userName='jaya', source='admin', password=<hidden>, mechanismProperties=<hidden>}, streamFactoryFactory=null, commandListeners=[], codecRegistry=ProvidersCodecRegistry{codecProviders=[ValueCodecProvider{}, BsonValueCodecProvider{}, DBRefCodecProvider{}, DBObjectCodecProvider{}, DocumentCodecProvider{}, CollectionCodecProvider{}, IterableCodecProvider{}, MapCodecProvider{}, GeoJsonCodecProvider{}, GridFSFileCodecProvider{}, Jsr310CodecProvider{}, JsonObjectCodecProvider{}, BsonCodecProvider{}, EnumCodecProvider{}, com.mongodb.client.model.mql.ExpressionCodecProvider@6cd15072, com.mongodb.Jep395RecordCodecProvider@78cfa264]}, loggerSettings=LoggerSettings{maxDocumentLength=1000}, clusterSettings={hosts=[127.0.0.1:27017], srvHost=cluster0.vnz6sis.mongodb.net, srvServiceName=mongodb, mode=MULTIPLE, requiredClusterType=REPLICA_SET, requiredReplicaSetName='atlas-13nzka-shard-0', serverSelector='null', clusterListeners='[]', serverSelectionTimeout='30000 ms', localThreshold='30000 ms'}, socketSettings=SocketSettings{connectTimeoutMS=10000, readTimeoutMS=0, receiveBufferSize=0, sendBufferSize=0}, heartbeatSocketSettings=SocketSettings{connectTimeoutMS=10000, readTimeoutMS=10000, receiveBufferSize=0, sendBufferSize=0}, connectionPoolSettings=ConnectionPoolSettings{maxSize=100, minSize=0, maxWaitTimeMS=120000, maxConnectionLifeTimeMS=0, maxConnectionIdleTimeMS=0, maintenanceInitialDelayMS=0, maintenanceFrequencyMS=60000, connectionPoolListeners=[], maxConnecting=2}, serverSettings=ServerSettings{heartbeatFrequencyMS=10000, minHeartbeatFrequencyMS=500, serverListeners='[]', serverMonitorListeners='[]'}, sslSettings=SslSettings{enabled=true, invalidHostNameAllowed=false, context=null}, applicationName='null', compressorList=[], uuidRepresentation=JAVA_LEGACY, serverApi=null, autoEncryptionSettings=null, contextProvider=null}
2023-11-07T13:01:10.101-06:00  INFO 23484 --- [sis.mongodb.net] org.mongodb.driver.cluster               : Adding discovered server ac-r0hbrkp-shard-00-00.vnz6sis.mongodb.net:27017 to client view of cluster
2023-11-07T13:01:10.103-06:00  INFO 23484 --- [sis.mongodb.net] org.mongodb.driver.cluster               : Adding discovered server ac-r0hbrkp-shard-00-02.vnz6sis.mongodb.net:27017 to client view of cluster
2023-11-07T13:01:10.867-06:00  INFO 23484 --- [ngodb.net:27017] org.mongodb.driver.cluster               : Monitor thread successfully connected to server with description ServerDescription{address=ac-r0hbrkp-shard-00-02.vnz6sis.mongodb.net:27017, type=REPLICA_SET_SECONDARY, state=CONNECTED, ok=true, minWireVersion=0, maxWireVersion=17, maxDocumentSize=16777216, logicalSessionTimeoutMinutes=30, roundTripTimeNanos=402004800, setName='atlas-13nzka-shard-0', canonicalAddress=ac-r0hbrkp-shard-00-02.vnz6sis.mongodb.net:27017, hosts=[ac-r0hbrkp-shard-00-01.vnz6sis.mongodb.net:27017, ac-r0hbrkp-shard-00-02.vnz6sis.mongodb.net:27017, ac-r0hbrkp-shard-00-00.vnz6sis.mongodb.net:27017], passives=[], arbiters=[], primary='ac-r0hbrkp-shard-00-01.vnz6sis.mongodb.net:27017', tagSet=TagSet{[Tag{name='nodeType', value='ELECTABLE'}, Tag{name='provider', value='AWS'}, Tag{name='region', value='US_EAST_1'}, Tag{name='workloadType', value='OPERATIONAL'}]}, electionId=null, setVersion=7, topologyVersion=TopologyVersion{processId=6549755cd016f7c801529ea3, counter=3}, lastWriteDate=Tue Nov 07 13:01:10 CST 2023, lastUpdateTimeNanos=462831562952200}
2023-11-07T13:01:10.867-06:00  INFO 23484 --- [ngodb.net:27017] org.mongodb.driver.cluster               : Monitor thread successfully connected to server with description ServerDescription{address=ac-r0hbrkp-shard-00-01.vnz6sis.mongodb.net:27017, type=REPLICA_SET_PRIMARY, state=CONNECTED, ok=true, minWireVersion=0, maxWireVersion=17, maxDocumentSize=16777216, logicalSessionTimeoutMinutes=30, roundTripTimeNanos=400214300, setName='atlas-13nzka-shard-0', canonicalAddress=ac-r0hbrkp-shard-00-01.vnz6sis.mongodb.net:27017, hosts=[ac-r0hbrkp-shard-00-01.vnz6sis.mongodb.net:27017, ac-r0hbrkp-shard-00-02.vnz6sis.mongodb.net:27017, ac-r0hbrkp-shard-00-00.vnz6sis.mongodb.net:27017], passives=[], arbiters=[], primary='ac-r0hbrkp-shard-00-01.vnz6sis.mongodb.net:27017', tagSet=TagSet{[Tag{name='nodeType', value='ELECTABLE'}, Tag{name='provider', value='AWS'}, Tag{name='region', value='US_EAST_1'}, Tag{name='workloadType', value='OPERATIONAL'}]}, electionId=7fffffff00000000000000e1, setVersion=7, topologyVersion=TopologyVersion{processId=654974507f215e94dd9f479f, counter=6}, lastWriteDate=Tue Nov 07 13:01:10 CST 2023, lastUpdateTimeNanos=462831563137700}
2023-11-07T13:01:10.867-06:00  INFO 23484 --- [ngodb.net:27017] org.mongodb.driver.cluster               : Monitor thread successfully connected to server with description ServerDescription{address=ac-r0hbrkp-shard-00-00.vnz6sis.mongodb.net:27017, type=REPLICA_SET_SECONDARY, state=CONNECTED, ok=true, minWireVersion=0, maxWireVersion=17, maxDocumentSize=16777216, logicalSessionTimeoutMinutes=30, roundTripTimeNanos=402017400, setName='atlas-13nzka-shard-0', canonicalAddress=ac-r0hbrkp-shard-00-00.vnz6sis.mongodb.net:27017, hosts=[ac-r0hbrkp-shard-00-01.vnz6sis.mongodb.net:27017, ac-r0hbrkp-shard-00-02.vnz6sis.mongodb.net:27017, ac-r0hbrkp-shard-00-00.vnz6sis.mongodb.net:27017], passives=[], arbiters=[], primary='ac-r0hbrkp-shard-00-01.vnz6sis.mongodb.net:27017', tagSet=TagSet{[Tag{name='nodeType', value='ELECTABLE'}, Tag{name='provider', value='AWS'}, Tag{name='region', value='US_EAST_1'}, Tag{name='workloadType', value='OPERATIONAL'}]}, electionId=null, setVersion=7, topologyVersion=TopologyVersion{processId=6549732ee3884660c7c481a0, counter=4}, lastWriteDate=Tue Nov 07 13:01:10 CST 2023, lastUpdateTimeNanos=462831562952300}
2023-11-07T13:01:10.873-06:00  INFO 23484 --- [ngodb.net:27017] org.mongodb.driver.cluster               : Discovered replica set primary ac-r0hbrkp-shard-00-01.vnz6sis.mongodb.net:27017 with max election id 7fffffff00000000000000e1 and max set version 7
2023-11-07T13:01:11.823-06:00  INFO 23484 --- [           main] e.d.HistoryOfBlackPeopleApplicationTests : Started HistoryOfBlackPeopleApplicationTests in 3.661 seconds (process running for 5.343)
]]></system-out>
  </testcase>
</testsuite>